{
  "RSpec": {
    "coverage": {
      "/Users/gstoney2/projects/Makers/battle/app.rb": {
        "lines": [
          1,
          null,
          1,
          1,
          null,
          1,
          5,
          null,
          null,
          1,
          4,
          4,
          4,
          null,
          null,
          1,
          5,
          5,
          null,
          5,
          null,
          null,
          1,
          2,
          2,
          2,
          null,
          2,
          null,
          null,
          null,
          1,
          1,
          null,
          1,
          null,
          1,
          0,
          0,
          null,
          0,
          0,
          null,
          null,
          null,
          null,
          1,
          1,
          1,
          null,
          1,
          0,
          0,
          null,
          null,
          null,
          1,
          0,
          null,
          null,
          1,
          null
        ]
      },
      "/Users/gstoney2/projects/Makers/battle/spec/features/web_helpers.rb": {
        "lines": [
          1,
          4,
          4,
          4,
          4,
          null
        ]
      },
      "/Users/gstoney2/projects/Makers/battle/spec/features/01_testing_infrastructure_spec.rb": {
        "lines": [
          null,
          null,
          null,
          null,
          null,
          null,
          null,
          null,
          null,
          null
        ]
      },
      "/Users/gstoney2/projects/Makers/battle/spec/features/02_enter_names_spec.rb": {
        "lines": [
          null,
          1,
          1,
          1,
          1,
          null,
          null
        ]
      },
      "/Users/gstoney2/projects/Makers/battle/spec/features/03_hit_points_spec.rb": {
        "lines": [
          1,
          1,
          1,
          1,
          1,
          null,
          null
        ]
      },
      "/Users/gstoney2/projects/Makers/battle/spec/features/04_attack_spec.rb": {
        "lines": [
          1,
          1,
          1,
          1,
          1,
          null,
          null,
          1,
          1,
          1,
          1,
          1,
          1,
          null,
          null
        ]
      },
      "/Users/gstoney2/projects/Makers/battle/spec/game_spec.rb": {
        "lines": [
          1,
          null,
          1,
          2,
          1,
          2,
          null,
          1,
          1,
          1,
          1,
          null,
          null,
          null
        ]
      },
      "/Users/gstoney2/projects/Makers/battle/lib/game.rb": {
        "lines": [
          1,
          null,
          1,
          4,
          null,
          null
        ]
      },
      "/Users/gstoney2/projects/Makers/battle/spec/player_spec.rb": {
        "lines": [
          1,
          null,
          1,
          4,
          2,
          null,
          1,
          1,
          1,
          null,
          null,
          null,
          1,
          1,
          1,
          null,
          null,
          null,
          1,
          1,
          1,
          1,
          null,
          null,
          null,
          1,
          1,
          4,
          null,
          null,
          null
        ]
      },
      "/Users/gstoney2/projects/Makers/battle/lib/player.rb": {
        "lines": [
          1,
          1,
          1,
          null,
          1,
          12,
          12,
          null,
          null,
          1,
          3,
          null,
          null
        ]
      }
    },
    "timestamp": 1603893593
  }
}
