{
  "RSpec": {
    "coverage": {
      "/Users/gstoney2/projects/Makers/battle/app.rb": {
        "lines": [
          1,
          1,
          1,
          1,
          null,
          1,
          1,
          13,
          null,
          null,
          1,
          11,
          11,
          null,
          null,
          1,
          17,
          null,
          17,
          null,
          null,
          1,
          10,
          10,
          10,
          2,
          null,
          8,
          null,
          null,
          null,
          1,
          6,
          6,
          null,
          null,
          1,
          2,
          2,
          null,
          null,
          null,
          1,
          1,
          null,
          1,
          null,
          1,
          0,
          0,
          null,
          0,
          0,
          null,
          null,
          null,
          null,
          1,
          1,
          1,
          null,
          1,
          1,
          null,
          null,
          null,
          null,
          null,
          1,
          0,
          null,
          null,
          1,
          null
        ]
      },
      "/Users/gstoney2/projects/Makers/battle/lib/game.rb": {
        "lines": [
          1,
          1,
          null,
          1,
          18,
          18,
          18,
          18,
          null,
          null,
          1,
          7,
          null,
          null,
          1,
          27,
          null,
          null,
          1,
          12,
          null,
          null,
          1,
          3,
          null,
          null,
          1,
          1,
          null,
          1,
          45,
          null,
          null,
          1,
          81,
          null,
          null
        ]
      },
      "/Users/gstoney2/projects/Makers/battle/lib/player.rb": {
        "lines": [
          1,
          1,
          1,
          null,
          1,
          26,
          26,
          null,
          null,
          1,
          11,
          null,
          null
        ]
      },
      "/Users/gstoney2/projects/Makers/battle/lib/attack.rb": {
        "lines": [
          1,
          1,
          12,
          null,
          null,
          1,
          12,
          null,
          null,
          1,
          12,
          12,
          null,
          null,
          1,
          1,
          24,
          null,
          null
        ]
      },
      "/Users/gstoney2/projects/Makers/battle/spec/features/web_helpers.rb": {
        "lines": [
          1,
          11,
          11,
          11,
          11,
          null,
          null,
          1,
          5,
          5,
          null
        ]
      },
      "/Users/gstoney2/projects/Makers/battle/spec/features/01_testing_infrastructure_spec.rb": {
        "lines": [
          null,
          null,
          null,
          null,
          null,
          null,
          null,
          null,
          null,
          null
        ]
      },
      "/Users/gstoney2/projects/Makers/battle/spec/features/02_enter_names_spec.rb": {
        "lines": [
          1,
          1,
          1,
          1,
          null,
          null
        ]
      },
      "/Users/gstoney2/projects/Makers/battle/spec/features/03_hit_points_spec.rb": {
        "lines": [
          1,
          1,
          1,
          1,
          1,
          null,
          1,
          1,
          1,
          1,
          null,
          null
        ]
      },
      "/Users/gstoney2/projects/Makers/battle/spec/features/04_attack_spec.rb": {
        "lines": [
          1,
          null,
          1,
          1,
          1,
          1,
          1,
          null,
          null,
          1,
          1,
          1,
          1,
          1,
          null,
          null,
          null,
          1,
          1,
          1,
          1,
          1,
          1,
          null,
          null,
          1,
          1,
          3,
          1,
          null,
          null,
          null
        ]
      },
      "/Users/gstoney2/projects/Makers/battle/spec/features/05_switch_turns_spec.rb": {
        "lines": [
          1,
          1,
          1,
          1,
          1,
          null,
          null,
          null,
          1,
          1,
          1,
          1,
          1,
          1,
          null,
          null
        ]
      },
      "/Users/gstoney2/projects/Makers/battle/spec/features/06_game_over_spec.rb": {
        "lines": [
          1,
          1,
          1,
          1,
          1,
          1,
          null,
          null,
          1,
          1,
          1,
          null,
          null,
          null,
          1,
          1,
          1,
          1,
          null,
          null,
          1,
          1,
          1,
          null,
          null,
          null
        ]
      },
      "/Users/gstoney2/projects/Makers/battle/spec/game_spec.rb": {
        "lines": [
          1,
          null,
          1,
          6,
          3,
          6,
          9,
          3,
          null,
          1,
          1,
          1,
          1,
          null,
          null,
          null,
          1,
          1,
          1,
          null,
          null,
          null,
          1,
          1,
          1,
          1,
          null,
          null,
          null,
          1,
          1,
          1,
          null,
          null,
          1,
          1,
          null,
          null,
          null,
          1,
          1,
          1,
          null,
          1,
          null,
          null,
          null,
          1,
          1,
          1,
          null,
          null,
          1,
          1,
          null,
          null,
          null,
          null
        ]
      },
      "/Users/gstoney2/projects/Makers/battle/spec/player_spec.rb": {
        "lines": [
          1,
          null,
          1,
          4,
          2,
          null,
          1,
          1,
          1,
          null,
          null,
          null,
          1,
          1,
          1,
          null,
          null,
          null,
          1,
          1,
          1,
          1,
          null,
          null,
          null,
          1,
          1,
          4,
          null,
          null,
          null
        ]
      }
    },
    "timestamp": 1603985392
  }
}
